ipset=/avtodor-tr.ru/vpn_domains
ipset=/bitrix.info/vpn_domains
ipset=/bkvet.ru/vpn_domains
ipset=/cdn77.org/vpn_domains
ipset=/dzvr.ru/vpn_domains
ipset=/kinopoisk.ru/vpn_domains
ipset=/mos.ru/vpn_domains
ipset=/mosenergosbyt.ru/vpn_domains
ipset=/okcdn.ru/vpn_domains
ipset=/onelya.ru/vpn_domains
ipset=/ozon.ru/vpn_domains
ipset=/ozone.ru/vpn_domains
ipset=/ozonusercontent.com/vpn_domains
ipset=/pochta.ru/vpn_domains
ipset=/refocus.ru/vpn_domains
ipset=/russianpost.ru/vpn_domains
ipset=/rzd-bonus.ru/vpn_domains
ipset=/rzd.ru/vpn_domains
ipset=/showip.net/vpn_domains
ipset=/ttk.ru/vpn_domains
ipset=/userapi.com/vpn_domains
ipset=/vk-cdn.net/vpn_domains
ipset=/vk-portal.net/vpn_domains
ipset=/vk.com/vpn_domains
ipset=/vkcs6.com/vpn_domains
ipset=/vkmsv.com/vpn_domains
ipset=/vkuseraudio.net/vpn_domains
ipset=/vkuservideo.net/vpn_domains
ipset=/vkvideo.ru/vpn_domains
ipset=/yadro.ru/vpn_domains
